2016-01-04 11:45:48.5081|INFO|NLogPractice.NLogger|GET http://localhost:59627/api/value NLogPractice.Controllers.ValueController test
2016-01-04 11:45:50.2352|INFO|NLogPractice.NLogger|GET http://localhost:59627/api/value NLogPractice.Controllers.ValueController test
2016-01-04 11:45:50.9642|INFO|NLogPractice.NLogger|GET http://localhost:59627/api/value NLogPractice.Controllers.ValueController test
2016-01-04 11:45:51.5132|INFO|NLogPractice.NLogger|GET http://localhost:59627/api/value NLogPractice.Controllers.ValueController test
2016-01-04 11:45:51.7423|INFO|NLogPractice.NLogger|GET http://localhost:59627/api/value NLogPractice.Controllers.ValueController test
2016-01-04 11:45:51.9293|INFO|NLogPractice.NLogger|GET http://localhost:59627/api/value NLogPractice.Controllers.ValueController test
2016-01-04 11:45:52.0963|INFO|NLogPractice.NLogger|GET http://localhost:59627/api/value NLogPractice.Controllers.ValueController test
2016-01-04 11:48:53.7907|INFO|NLogPractice.NLogger|GET http://localhost:59627/api/value NLogPractice.Controllers.ValueController test
2016-01-04 11:48:54.2877|INFO|NLogPractice.NLogger|GET http://localhost:59627/api/value NLogPractice.Controllers.ValueController test
2016-01-04 13:06:20.6995|INFO|NLogPractice.NLogger|GET http://localhost:59627/api/value NLogPractice.Controllers.ValueController test
2016-01-04 13:06:21.6255|INFO|NLogPractice.NLogger|GET http://localhost:59627/api/value NLogPractice.Controllers.ValueController test
2016-01-04 13:13:31.1451|INFO|NLogPractice.NLogger|GET http://localhost:59627/api/value NLogPractice.Controllers.ValueController test
2016-01-04 13:13:31.8061|INFO|NLogPractice.NLogger|GET http://localhost:59627/api/value NLogPractice.Controllers.ValueController test
2016-01-04 13:13:32.0841|INFO|NLogPractice.NLogger|GET http://localhost:59627/api/value NLogPractice.Controllers.ValueController test
2016-01-04 14:45:52.6190|ERROR|NLogPractice.NLogger|GET http://localhost:59627/api/value/1 Controller : NLogPractice.Controllers.ValueController
Action : Get ≥¢ ‘≥˝“‘¡„°£
2016-01-04 14:46:25.8329|ERROR|NLogPractice.NLogger|GET http://localhost:59627/api/value/1 Controller : NLogPractice.Controllers.ValueController
Action : Get ≥¢ ‘≥˝“‘¡„°£
2016-01-04 14:46:52.9095|INFO|NLogPractice.NLogger|GET http://localhost:59627/api/value/ NLogPractice.Controllers.ValueController test
2016-01-04 14:46:54.1986|INFO|NLogPractice.NLogger|GET http://localhost:59627/api/value/ NLogPractice.Controllers.ValueController test
2016-01-04 14:46:54.4906|INFO|NLogPractice.NLogger|GET http://localhost:59627/api/value/ NLogPractice.Controllers.ValueController test
2016-01-04 14:46:54.7076|INFO|NLogPractice.NLogger|GET http://localhost:59627/api/value/ NLogPractice.Controllers.ValueController test
2016-01-04 14:46:58.7218|INFO|NLogPractice.NLogger|GET http://localhost:59627/api/value/ NLogPractice.Controllers.ValueController test
2016-01-04 14:57:00.4982|INFO|NLogPractice.NLogger|GET http://localhost:59627/api/value/ NLogPractice.Controllers.ValueController test
2016-01-04 14:57:15.4541|INFO|NLogPractice.NLogger|GET http://localhost:59627/api/value/ actionDuration [execution controller£∫Value - action£∫Get take 00:00:17.6550423 time.]
2016-01-04 14:57:33.0231|INFO|NLogPractice.NLogger|GET http://localhost:59627/api/value/1 actionDuration [execution controller£∫Value - action£∫Get take 00:00:01.9983441 time.]
2016-01-04 14:57:35.4442|ERROR|NLogPractice.NLogger|GET http://localhost:59627/api/value/1 Controller : NLogPractice.Controllers.ValueController
Action : Get ≥¢ ‘≥˝“‘¡„°£
2016-01-04 14:58:03.1748|INFO|NLogPractice.NLogger|GET http://localhost:59627/api/value/ NLogPractice.Controllers.ValueController test
2016-01-04 14:58:03.1748|INFO|NLogPractice.NLogger|GET http://localhost:59627/api/value/ actionDuration [execution controller£∫Value - action£∫Get take 00:00:00.0065073 time.]
2016-01-04 14:58:03.7239|INFO|NLogPractice.NLogger|GET http://localhost:59627/api/value/ NLogPractice.Controllers.ValueController test
2016-01-04 14:58:03.7239|INFO|NLogPractice.NLogger|GET http://localhost:59627/api/value/ actionDuration [execution controller£∫Value - action£∫Get take 00:00:00.0021730 time.]
2016-01-04 14:58:03.9699|INFO|NLogPractice.NLogger|GET http://localhost:59627/api/value/ NLogPractice.Controllers.ValueController test
2016-01-04 14:58:03.9699|INFO|NLogPractice.NLogger|GET http://localhost:59627/api/value/ actionDuration [execution controller£∫Value - action£∫Get take 00:00:00.0027419 time.]
2016-01-04 14:58:04.1929|INFO|NLogPractice.NLogger|GET http://localhost:59627/api/value/ NLogPractice.Controllers.ValueController test
2016-01-04 14:58:04.2019|INFO|NLogPractice.NLogger|GET http://localhost:59627/api/value/ actionDuration [execution controller£∫Value - action£∫Get take 00:00:00.0080353 time.]
